Using pre-set license
Built from '2020.3/staging' branch; Version is '2020.3.20f1 (41c4e627c95f) revision 4310246'; Using compiler version '192528614'; Build Type 'Release'
OS: 'Windows 10 Home; OS build 19043.1288; Version 2009; 64bit' Language: 'en' Physical Memory: 32717 MB
BatchMode: 1, IsHumanControllingUs: 0, StartBugReporterOnCrash: 0, Is64bit: 1, IsPro: 0

COMMAND LINE ARGUMENTS:
C:\Program Files\Unity\Hub\Editor\2020.3.20f1\Editor\Unity.exe
-adb2
-batchMode
-noUpm
-name
AssetImportWorker0
-projectPath
C:/Users/kevin/Mario-Game-Clone
-logFile
Logs/AssetImportWorker0.log
-srvPort
54986
Successfully changed project path to: C:/Users/kevin/Mario-Game-Clone
C:/Users/kevin/Mario-Game-Clone
Using Asset Import Pipeline V2.
Refreshing native plugins compatible for Editor in 40.74 ms, found 3 plugins.
Preloading 0 native plugins for Editor in 0.00 ms.
Initialize engine version: 2020.3.20f1 (41c4e627c95f)
[Subsystems] Discovering subsystems at path C:/Program Files/Unity/Hub/Editor/2020.3.20f1/Editor/Data/Resources/UnitySubsystems
[Subsystems] Discovering subsystems at path C:/Users/kevin/Mario-Game-Clone/Assets
GfxDevice: creating device client; threaded=0
Direct3D:
    Version:  Direct3D 11.0 [level 11.1]
    Renderer: NVIDIA GeForce RTX 2060 (ID=0x1f08)
    Vendor:   
    VRAM:     5980 MB
    Driver:   30.0.14.7141
Initialize mono
Mono path[0] = 'C:/Program Files/Unity/Hub/Editor/2020.3.20f1/Editor/Data/Managed'
Mono path[1] = 'C:/Program Files/Unity/Hub/Editor/2020.3.20f1/Editor/Data/MonoBleedingEdge/lib/mono/unityjit'
Mono config path = 'C:/Program Files/Unity/Hub/Editor/2020.3.20f1/Editor/Data/MonoBleedingEdge/etc'
Using monoOptions --debugger-agent=transport=dt_socket,embedding=1,server=y,suspend=n,address=127.0.0.1:56444
Begin MonoManager ReloadAssembly
Registering precompiled unity dll's ...
Register platform support module: C:/Program Files/Unity/Hub/Editor/2020.3.20f1/Editor/Data/PlaybackEngines/WindowsStandaloneSupport/UnityEditor.WindowsStandalone.Extensions.dll
Registered in 0.001730 seconds.
Native extension for WindowsStandalone target not found
Refreshing native plugins compatible for Editor in 44.00 ms, found 3 plugins.
Preloading 0 native plugins for Editor in 0.00 ms.
Mono: successfully reloaded assembly
- Completed reload, in  0.947 seconds
Domain Reload Profiling:
	ReloadAssembly (948ms)
		BeginReloadAssembly (47ms)
			ExecutionOrderSort (0ms)
			DisableScriptedObjects (0ms)
			BackupInstance (0ms)
			ReleaseScriptingObjects (0ms)
			CreateAndSetChildDomain (1ms)
		EndReloadAssembly (371ms)
			LoadAssemblies (45ms)
			RebuildTransferFunctionScriptingTraits (0ms)
			SetupTypeCache (128ms)
			ReleaseScriptCaches (0ms)
			RebuildScriptCaches (26ms)
			SetupLoadedEditorAssemblies (154ms)
				LogAssemblyErrors (0ms)
				InitializePlatformSupportModulesInManaged (4ms)
				SetLoadedEditorAssemblies (0ms)
				RefreshPlugins (44ms)
				BeforeProcessingInitializeOnLoad (15ms)
				ProcessInitializeOnLoadAttributes (67ms)
				ProcessInitializeOnLoadMethodAttributes (24ms)
				AfterProcessingInitializeOnLoad (0ms)
				EditorAssembliesLoaded (0ms)
			ExecutionOrderSort2 (0ms)
			AwakeInstancesAfterBackupRestoration (0ms)
Platform modules already initialized, skipping
Registering precompiled user dll's ...
Registered in 0.002733 seconds.
Begin MonoManager ReloadAssembly
Native extension for WindowsStandalone target not found
Refreshing native plugins compatible for Editor in 42.07 ms, found 3 plugins.
Preloading 0 native plugins for Editor in 0.00 ms.
Mono: successfully reloaded assembly
- Completed reload, in  0.991 seconds
Domain Reload Profiling:
	ReloadAssembly (991ms)
		BeginReloadAssembly (126ms)
			ExecutionOrderSort (0ms)
			DisableScriptedObjects (4ms)
			BackupInstance (0ms)
			ReleaseScriptingObjects (0ms)
			CreateAndSetChildDomain (21ms)
		EndReloadAssembly (809ms)
			LoadAssemblies (75ms)
			RebuildTransferFunctionScriptingTraits (0ms)
			SetupTypeCache (257ms)
			ReleaseScriptCaches (1ms)
			RebuildScriptCaches (43ms)
			SetupLoadedEditorAssemblies (327ms)
				LogAssemblyErrors (0ms)
				InitializePlatformSupportModulesInManaged (3ms)
				SetLoadedEditorAssemblies (0ms)
				RefreshPlugins (42ms)
				BeforeProcessingInitializeOnLoad (76ms)
				ProcessInitializeOnLoadAttributes (186ms)
				ProcessInitializeOnLoadMethodAttributes (13ms)
				AfterProcessingInitializeOnLoad (6ms)
				EditorAssembliesLoaded (0ms)
			ExecutionOrderSort2 (0ms)
			AwakeInstancesAfterBackupRestoration (6ms)
Platform modules already initialized, skipping
========================================================================
Worker process is ready to serve import requests
Launched and connected shader compiler UnityShaderCompiler.exe after 0.06 seconds
Refreshing native plugins compatible for Editor in 0.58 ms, found 3 plugins.
Preloading 0 native plugins for Editor in 0.00 ms.
Unloading 2103 Unused Serialized files (Serialized files now loaded: 0)
System memory in use before: 93.4 MB.
System memory in use after: 93.5 MB.

Unloading 26 unused Assets to reduce memory usage. Loaded Objects now: 2543.
Total: 3.361500 ms (FindLiveObjects: 0.273800 ms CreateObjectMapping: 0.045400 ms MarkObjects: 2.962000 ms  DeleteObjects: 0.078600 ms)

AssetImportParameters requested are different than current active one (requested -> active):
  custom:framework-win-MediaFoundation: 216162199b28c13a410421893ffa2e32 -> 
  custom:video-decoder-ogg-theora: a1e56fd34408186e4bbccfd4996cb3dc -> 
  custom:container-muxer-webm: aa71ff27fc2769a1b78a27578f13a17b -> 
  custom:container-demuxer-webm: 4f35f7cbe854078d1ac9338744f61a02 -> 
  custom:container-demuxer-ogg: 62fdf1f143b41e24485cea50d1cbac27 -> 
  custom:video-encoder-webm-vp8: eb34c28f22e8b96e1ab97ce403110664 -> 
  custom:video-decoder-webm-vp8: 9c59270c3fd7afecdb556c50c9e8de78 -> 
  custom:audio-decoder-ogg-vorbis: bf7c407c2cedff20999df2af8eb42d56 -> 
  custom:audio-encoder-webm-vorbis: bf7c407c2cedff20999df2af8eb42d56 -> 
========================================================================
Received Import Request.
  path: Assets/Free Assets WIP/Five Seamless Tileable Ground Textures
  artifactKey: Guid(05a77cc63c484574b96064ac37378fcc) Importer(815301076,1909f56bfc062723c751e8b465ee728b)
Start importing Assets/Free Assets WIP/Five Seamless Tileable Ground Textures using Guid(05a77cc63c484574b96064ac37378fcc) Importer(815301076,1909f56bfc062723c751e8b465ee728b)  -> (artifact id: 'e376c1c28a028c0ccb64805e74cec2f2') in 0.011318 seconds 
  Import took 0.014687 seconds .

========================================================================
Received Import Request.
  Time since last request: 0.000211 seconds.
  path: Assets/Free Assets WIP
  artifactKey: Guid(3854144533c89314288a33702f006d72) Importer(815301076,1909f56bfc062723c751e8b465ee728b)
Start importing Assets/Free Assets WIP using Guid(3854144533c89314288a33702f006d72) Importer(815301076,1909f56bfc062723c751e8b465ee728b)  -> (artifact id: '050e08ea805a726a0193ad2b20622bd9') in 0.006883 seconds 
  Import took 0.009998 seconds .

========================================================================
Received Import Request.
  Time since last request: 4.949470 seconds.
  path: Assets/Free Assets WIP/Five Seamless Tileable Ground Textures/Textures/Brown Stony Light.png
  artifactKey: Guid(b1bf77c85bc87b44f8231605748c2b76) Importer(815301076,1909f56bfc062723c751e8b465ee728b)
Start importing Assets/Free Assets WIP/Five Seamless Tileable Ground Textures/Textures/Brown Stony Light.png using Guid(b1bf77c85bc87b44f8231605748c2b76) Importer(815301076,1909f56bfc062723c751e8b465ee728b)  -> (artifact id: '1d46e5048cb50ca41afbc95ddb6b0da4') in 0.056630 seconds 
  Import took 0.060255 seconds .

========================================================================
Received Import Request.
  Time since last request: 0.000223 seconds.
  path: Assets/Free Assets WIP/Five Seamless Tileable Ground Textures/Textures/Sandy.png
  artifactKey: Guid(fe1221309f0d1e04c88ed730fcb94d0a) Importer(815301076,1909f56bfc062723c751e8b465ee728b)
Start importing Assets/Free Assets WIP/Five Seamless Tileable Ground Textures/Textures/Sandy.png using Guid(fe1221309f0d1e04c88ed730fcb94d0a) Importer(815301076,1909f56bfc062723c751e8b465ee728b)  -> (artifact id: 'fe5718c4f1471db48a5e6ed9936fd4ff') in 0.006930 seconds 
  Import took 0.010393 seconds .

========================================================================
Received Import Request.
  Time since last request: 0.000229 seconds.
  path: Assets/Free Assets WIP/Five Seamless Tileable Ground Textures/Textures/Sandy Orange.png
  artifactKey: Guid(b9bf32e5f8bd23e40a671eef3c6f5a6a) Importer(815301076,1909f56bfc062723c751e8b465ee728b)
Start importing Assets/Free Assets WIP/Five Seamless Tileable Ground Textures/Textures/Sandy Orange.png using Guid(b9bf32e5f8bd23e40a671eef3c6f5a6a) Importer(815301076,1909f56bfc062723c751e8b465ee728b)  -> (artifact id: 'e299db6e1c94afbe01b737cd3974ebe0') in 0.006669 seconds 
  Import took 0.010134 seconds .

========================================================================
Received Import Request.
  Time since last request: 0.000201 seconds.
  path: Assets/Free Assets WIP/Five Seamless Tileable Ground Textures/Textures/Grey Stones.png
  artifactKey: Guid(60fdfa47a4e492b4f8fba1fd4d8f3a4b) Importer(815301076,1909f56bfc062723c751e8b465ee728b)
Start importing Assets/Free Assets WIP/Five Seamless Tileable Ground Textures/Textures/Grey Stones.png using Guid(60fdfa47a4e492b4f8fba1fd4d8f3a4b) Importer(815301076,1909f56bfc062723c751e8b465ee728b)  -> (artifact id: 'eebff46b8be37eb5cec4c2cfb28b54bc') in 0.007385 seconds 
  Import took 0.010977 seconds .

========================================================================
Received Import Request.
  Time since last request: 0.000207 seconds.
  path: Assets/Free Assets WIP/Five Seamless Tileable Ground Textures/Textures/Grass.png
  artifactKey: Guid(a4a961e41faaddd45a46183c4d69d80e) Importer(815301076,1909f56bfc062723c751e8b465ee728b)
Start importing Assets/Free Assets WIP/Five Seamless Tileable Ground Textures/Textures/Grass.png using Guid(a4a961e41faaddd45a46183c4d69d80e) Importer(815301076,1909f56bfc062723c751e8b465ee728b)  -> (artifact id: 'aea98f3fa313894042c59be8a148b30d') in 0.008269 seconds 
  Import took 0.011550 seconds .

========================================================================
Received Import Request.
  Time since last request: 0.000168 seconds.
  path: Assets/Free Assets WIP/Five Seamless Tileable Ground Textures/Textures/Water Deep Blue.png
  artifactKey: Guid(9db26ebe8235b5e42924bb2c54ad0c80) Importer(815301076,1909f56bfc062723c751e8b465ee728b)
Start importing Assets/Free Assets WIP/Five Seamless Tileable Ground Textures/Textures/Water Deep Blue.png using Guid(9db26ebe8235b5e42924bb2c54ad0c80) Importer(815301076,1909f56bfc062723c751e8b465ee728b)  -> (artifact id: '5873b0d9a09cbbc5fedcec322774de7b') in 0.006829 seconds 
  Import took 0.010176 seconds .

========================================================================
Received Import Request.
  Time since last request: 0.000218 seconds.
  path: Assets/Free Assets WIP/Five Seamless Tileable Ground Textures/Textures/Water Light Blue.png
  artifactKey: Guid(88f76f18520011749b20fb0977ee6c3b) Importer(815301076,1909f56bfc062723c751e8b465ee728b)
Start importing Assets/Free Assets WIP/Five Seamless Tileable Ground Textures/Textures/Water Light Blue.png using Guid(88f76f18520011749b20fb0977ee6c3b) Importer(815301076,1909f56bfc062723c751e8b465ee728b)  -> (artifact id: '763d44ee3c3c1df5e34d5642b3a4216d') in 0.008163 seconds 
  Import took 0.012905 seconds .

========================================================================
Received Import Request.
  Time since last request: 0.000235 seconds.
  path: Assets/Free Assets WIP/Five Seamless Tileable Ground Textures/Textures/Brown Stony.png
  artifactKey: Guid(692557726ce7f2843b9bf1f85480aa80) Importer(815301076,1909f56bfc062723c751e8b465ee728b)
Start importing Assets/Free Assets WIP/Five Seamless Tileable Ground Textures/Textures/Brown Stony.png using Guid(692557726ce7f2843b9bf1f85480aa80) Importer(815301076,1909f56bfc062723c751e8b465ee728b)  -> (artifact id: '1ef1a170f12f3fb4b274d3a3cfd0e9f9') in 0.008922 seconds 
  Import took 0.011908 seconds .

========================================================================
Received Import Request.
  Time since last request: 10.057466 seconds.
  path: Assets/Free Assets WIP/FreeCuteTileset
  artifactKey: Guid(852e95bfd583e484ea4f61c8316b5aad) Importer(815301076,1909f56bfc062723c751e8b465ee728b)
Start importing Assets/Free Assets WIP/FreeCuteTileset using Guid(852e95bfd583e484ea4f61c8316b5aad) Importer(815301076,1909f56bfc062723c751e8b465ee728b)  -> (artifact id: '95196e19009c4af8a7656fc00ae872a4') in 0.007180 seconds 
  Import took 0.011129 seconds .

AssetImportWorkerClient::OnTransportError - code=2 error=End of file
